<?xml version="1.0" encoding="UTF-8"?>
<!-- Generated by org.testng.reporters.JUnitReportReporter -->
<testsuite hostname="DESKTOP-AQI11SJ" failures="0" tests="1" name="com.practice.ShadowRoot" time="3.714" errors="0" timestamp="2023-03-07T14:53:46 IST" skipped="0">
  <testcase classname="com.practice.ShadowRoot" name="shadow" time="3.714"/>
  <system-out/>
</testsuite> <!-- com.practice.ShadowRoot -->
