<?xml version="1.0" encoding="UTF-8"?>
<!-- Generated by org.testng.reporters.JUnitReportReporter -->
<testsuite hostname="DESKTOP-AQI11SJ" failures="0" tests="1" name="com.practice.BatchExecution2" time="2.687" errors="0" timestamp="2023-03-02T10:22:48 IST" skipped="0">
  <testcase classname="com.practice.BatchExecution2" name="test2" time="2.687"/>
  <system-out/>
</testsuite> <!-- com.practice.BatchExecution2 -->
