<?xml version="1.0" encoding="UTF-8"?>
<!-- Generated by org.testng.reporters.JUnitReportReporter -->
<testsuite hostname="DESKTOP-AQI11SJ" failures="0" tests="1" name="com.practice.MavenPracticeTest" time="0.009" errors="0" timestamp="2023-03-08T10:42:35 IST" skipped="0">
  <testcase classname="com.practice.MavenPracticeTest" name="mavenPractice" time="0.009"/>
  <system-out/>
</testsuite> <!-- com.practice.MavenPracticeTest -->
