<?xml version="1.0" encoding="UTF-8"?>
<!-- Generated by org.testng.reporters.JUnitReportReporter -->
<testsuite hostname="DESKTOP-AQI11SJ" failures="0" tests="1" name="com.practice.BatchExecution2Test" time="3.314" errors="0" timestamp="2023-03-08T10:40:34 IST" skipped="0">
  <testcase classname="com.practice.BatchExecution2Test" name="test2" time="3.314"/>
  <system-out/>
</testsuite> <!-- com.practice.BatchExecution2Test -->
