<?xml version="1.0" encoding="UTF-8"?>
<!-- Generated by org.testng.reporters.JUnitReportReporter -->
<testsuite hostname="DESKTOP-AQI11SJ" failures="0" tests="1" name="edu.sms.admin.AssignSubject" time="13.915" errors="0" timestamp="2023-03-03T09:44:25 IST" skipped="0">
  <testcase classname="edu.sms.admin.AssignSubject" name="assignSubject" time="13.915"/>
  <system-out/>
</testsuite> <!-- edu.sms.admin.AssignSubject -->
