<?xml version="1.0" encoding="UTF-8"?>
<!-- Generated by org.testng.reporters.JUnitReportReporter -->
<testsuite hostname="DESKTOP-AQI11SJ" failures="0" tests="1" name="edu.sms.admin.AddExamMarksAndVerify" time="7.113" errors="0" timestamp="2023-03-03T17:47:48 IST" skipped="0">
  <testcase classname="edu.sms.admin.AddExamMarksAndVerify" name="addExamMarksAndVerify" time="7.113"/>
  <system-out/>
</testsuite> <!-- edu.sms.admin.AddExamMarksAndVerify -->
