<?xml version="1.0" encoding="UTF-8"?>
<!-- Generated by org.testng.reporters.JUnitReportReporter -->
<testsuite hostname="DESKTOP-AQI11SJ" failures="0" tests="1" name="edu.sms.admin.AddAndVerifyTimetable" time="14.965" errors="0" timestamp="2023-03-03T09:44:25 IST" skipped="0">
  <testcase classname="edu.sms.admin.AddAndVerifyTimetable" name="addAndVerifyTimetable" time="14.965"/>
  <system-out/>
</testsuite> <!-- edu.sms.admin.AddAndVerifyTimetable -->
