<?xml version="1.0" encoding="UTF-8"?>
<!-- Generated by org.testng.reporters.JUnitReportReporter -->
<testsuite hostname="DESKTOP-AQI11SJ" failures="0" tests="1" name="com.sms.genericutility.TestngPractice" time="0.013" errors="0" timestamp="2023-02-22T12:30:42 IST" skipped="0">
  <testcase classname="com.sms.genericutility.TestngPractice" name="test" time="0.013"/>
  <system-out/>
</testsuite> <!-- com.sms.genericutility.TestngPractice -->
