<?xml version="1.0" encoding="UTF-8"?>
<!-- Generated by org.testng.reporters.JUnitReportReporter -->
<testsuite skipped="0" hostname="DESKTOP-AQI11SJ" name="com.practice.MavenPracticeTest" tests="1" failures="0" timestamp="2023-03-08T11:22:14 IST" time="0.006" errors="0">
  <testcase name="mavenPractice" time="0.006" classname="com.practice.MavenPracticeTest"/>
  <system-out/>
</testsuite> <!-- com.practice.MavenPracticeTest -->
